[0m12:28:36.448569 [debug] [MainThread]: Sending event: {'category': 'dbt', 'action': 'invocation', 'label': 'start', 'context': [<snowplow_tracker.self_describing_json.SelfDescribingJson object at 0x0000028631E04210>, <snowplow_tracker.self_describing_json.SelfDescribingJson object at 0x0000028631E06C90>, <snowplow_tracker.self_describing_json.SelfDescribingJson object at 0x0000028631E07E90>]}


============================== 12:28:36.452623 | 5568136a-8029-45c2-a041-0d8a92d5ed31 ==============================
[0m12:28:36.452623 [info ] [MainThread]: Running with dbt=1.9.3
[0m12:28:36.453617 [debug] [MainThread]: running dbt with arguments {'printer_width': '80', 'indirect_selection': 'eager', 'write_json': 'True', 'log_cache_events': 'False', 'partial_parse': 'True', 'cache_selected_only': 'False', 'profiles_dir': 'C:\\Users\\atans\\.dbt', 'debug': 'False', 'fail_fast': 'False', 'log_path': 'logs', 'version_check': 'True', 'warn_error': 'None', 'use_colors': 'True', 'use_experimental_parser': 'False', 'no_print': 'None', 'quiet': 'False', 'empty': 'None', 'warn_error_options': 'WarnErrorOptions(include=[], exclude=[])', 'invocation_command': 'dbt init dbt_matchstream', 'introspect': 'True', 'log_format': 'default', 'target_path': 'None', 'static_parser': 'True', 'send_anonymous_usage_stats': 'True'}
[0m12:28:36.475275 [debug] [MainThread]: Starter project path: C:\projects_github\MatchStream\.venv\Lib\site-packages\dbt\include\starter_project
[0m12:28:36.517190 [info ] [MainThread]: 
Your new dbt project "dbt_matchstream" was created!

For more information on how to configure the profiles.yml file,
please consult the dbt documentation here:

  https://docs.getdbt.com/docs/configure-your-profile

One more thing:

Need help? Don't hesitate to reach out to us via GitHub issues or on Slack:

  https://community.getdbt.com/

Happy modeling!

[0m12:28:36.517190 [info ] [MainThread]: Setting up your profile.
[0m12:28:43.910081 [debug] [MainThread]: Spark adapter: Setting pyhive.hive logging to ERROR
[0m12:28:43.911077 [debug] [MainThread]: Spark adapter: Setting thrift.transport logging to ERROR
[0m12:28:43.911077 [debug] [MainThread]: Spark adapter: Setting thrift.protocol logging to ERROR
[0m12:32:38.744299 [info ] [MainThread]: Profile dbt_matchstream written to C:\Users\atans\.dbt\profiles.yml using target's profile_template.yml and your supplied values. Run 'dbt debug' to validate the connection.
[0m12:32:38.745387 [debug] [MainThread]: Command `dbt init` succeeded at 12:32:38.745387 after 242.36 seconds
[0m12:32:38.745387 [debug] [MainThread]: Sending event: {'category': 'dbt', 'action': 'invocation', 'label': 'end', 'context': [<snowplow_tracker.self_describing_json.SelfDescribingJson object at 0x000002862B50D0D0>, <snowplow_tracker.self_describing_json.SelfDescribingJson object at 0x0000028631DF7910>, <snowplow_tracker.self_describing_json.SelfDescribingJson object at 0x0000028631DF7810>]}
[0m12:32:38.746400 [debug] [MainThread]: Flushing usage events
[0m12:32:39.669947 [debug] [MainThread]: An error was encountered while trying to flush usage events
